<?xml version="1.0" encoding="UTF-8"?>
<!-- Generated by org.testng.reporters.JUnitXMLReporter -->
<testsuite ignored="0" hostname="DESKTOP-JF3CUIR" failures="1" tests="1" name="validating train schedule test case" time="12.195" errors="0" timestamp="2023-02-21T12:02:15 IST">
  <testcase classname="org.irctc.validatestation.ValidateStationAndArrivalTime" name="vlaidateStationAndArrivalTime" time="0.047">
    <failure type="java.lang.NullPointerException" message="Cannot invoke &amp;quot;org.apache.log4j.Logger.info(Object)&amp;quot; because &amp;quot;this.log&amp;quot; is null">
      <![CDATA[java.lang.NullPointerException: Cannot invoke "org.apache.log4j.Logger.info(Object)" because "this.log" is null
at org.irctc.validatestation.ValidateStationAndArrivalTime.vlaidateStationAndArrivalTime(ValidateStationAndArrivalTime.java:31)
at java.base/java.util.ArrayList.forEach(ArrayList.java:1511)
... Removed 27 stack frames]]>
    </failure>
  </testcase> <!-- vlaidateStationAndArrivalTime -->
</testsuite> <!-- validating train schedule test case -->
